<?xml version="1.0" encoding="UTF-8"?>
<testsuite name="helloFromGradle.AppTest" tests="1" skipped="0" failures="0" errors="0" timestamp="2023-09-28T18:11:46" hostname="KING_NAVEEN" time="0.025">
  <properties/>
  <testcase name="appHasAGreeting" classname="helloFromGradle.AppTest" time="0.025"/>
  <system-out><![CDATA[]]></system-out>
  <system-err><![CDATA[]]></system-err>
</testsuite>
