<?xml version="1.0" encoding="UTF-8"?>
<testsuite name="wordgame.UsedLettersTest" tests="3" skipped="0" failures="0" errors="0" timestamp="2023-10-13T19:42:15" hostname="KING_NAVEEN" time="0.037">
  <properties/>
  <testcase name="testFileReading" classname="wordgame.UsedLettersTest" time="0.017"/>
  <testcase name="caseSensitiveCheck" classname="wordgame.UsedLettersTest" time="0.01"/>
  <testcase name="RepeatedGuessErrorNotCounted" classname="wordgame.UsedLettersTest" time="0.008"/>
  <system-out><![CDATA[Enter your guess for _____
You entered b
You guessed correctly
Enter your guess for B____
You entered r
You guessed correctly
Enter your guess for Br___
You entered a
You guessed correctly
Enter your guess for Bra__
You entered I
You guessed correctly
Enter your guess for Brai_
You entered N
You guessed correctly
Enter your guess for Brain
YOU WIN
Enter your guess for _____
You entered w
You guessed correctly
Enter your guess for w____
You entered o
You guessed correctly
Enter your guess for wo___
You entered r
You guessed correctly
Enter your guess for wor__
You entered o
You already guessed o, try another letter
Enter your guess for wor__
You entered l
You guessed correctly
Enter your guess for worl_
You entered r
You already guessed r, try another letter
Enter your guess for worl_
You entered d
You guessed correctly
Enter your guess for world
YOU WIN
]]></system-out>
  <system-err><![CDATA[]]></system-err>
</testsuite>
